--------------------------------------
-------------- MINIMAX ---------------
--------------------------------------
Nodes Expanded (Value|Utility) ::
0-0-0|0-0-0|0-0-0|8
X-0-0|0-0-0|0-0-0|8
0-X-0|0-0-0|0-0-0|8
0-0-X|0-0-0|0-0-0|8
0-0-0|X-0-0|0-0-0|8
0-0-0|0-X-0|0-0-0|8
0-0-0|0-0-X|0-0-0|8
0-0-0|0-0-0|X-0-0|8
0-0-0|0-0-0|0-X-0|8
0-0-0|0-0-0|0-0-X|8
O-0-0|0-0-0|0-0-X|0
0-O-0|0-0-0|0-0-X|1
0-0-O|0-0-0|0-0-X|0
0-0-0|O-0-0|0-0-X|1
0-0-0|0-O-0|0-0-X|-1
0-0-0|0-0-O|0-0-X|1
0-0-0|0-0-0|O-0-X|0
0-0-0|0-0-0|0-O-X|1
O-0-0|0-0-0|0-X-0|-1
0-O-0|0-0-0|0-X-0|0
0-0-O|0-0-0|0-X-0|-1
0-0-0|O-0-0|0-X-0|0
0-0-0|0-O-0|0-X-0|-2
0-0-0|0-0-O|0-X-0|0
0-0-0|0-0-0|O-X-0|-1
0-0-0|0-0-0|0-X-O|-1
O-0-0|0-0-0|X-0-0|0
0-O-0|0-0-0|X-0-0|1
0-0-O|0-0-0|X-0-0|0
0-0-0|O-0-0|X-0-0|1
0-0-0|0-O-0|X-0-0|-1
0-0-0|0-0-O|X-0-0|1
0-0-0|0-0-0|X-O-0|1
0-0-0|0-0-0|X-0-O|0
O-0-0|0-0-X|0-0-0|-1
0-O-0|0-0-X|0-0-0|0
0-0-O|0-0-X|0-0-0|-1
0-0-0|O-0-X|0-0-0|0
0-0-0|0-O-X|0-0-0|-2
0-0-0|0-0-X|O-0-0|-1
0-0-0|0-0-X|0-O-0|0
0-0-0|0-0-X|0-0-O|-1
O-0-0|0-X-0|0-0-0|1
0-O-0|0-X-0|0-0-0|2
0-0-O|0-X-0|0-0-0|1
0-0-0|O-X-0|0-0-0|2
0-0-0|0-X-O|0-0-0|2
0-0-0|0-X-0|O-0-0|1
0-0-0|0-X-0|0-O-0|2
0-0-0|0-X-0|0-0-O|1
O-0-0|X-0-0|0-0-0|-1
0-O-0|X-0-0|0-0-0|0
0-0-O|X-0-0|0-0-0|-1
0-0-0|X-O-0|0-0-0|-2
0-0-0|X-0-O|0-0-0|0
0-0-0|X-0-0|O-0-0|-1
0-0-0|X-0-0|0-O-0|0
0-0-0|X-0-0|0-0-O|-1
O-0-X|0-0-0|0-0-0|0
0-O-X|0-0-0|0-0-0|1
0-0-X|O-0-0|0-0-0|1
0-0-X|0-O-0|0-0-0|-1
0-0-X|0-0-O|0-0-0|1
0-0-X|0-0-0|O-0-0|0
0-0-X|0-0-0|0-O-0|1
0-0-X|0-0-0|0-0-O|0
O-X-0|0-0-0|0-0-0|-1
0-X-O|0-0-0|0-0-0|-1
0-X-0|O-0-0|0-0-0|0
0-X-0|0-O-0|0-0-0|-2
0-X-0|0-0-O|0-0-0|0
0-X-0|0-0-0|O-0-0|-1
0-X-0|0-0-0|0-O-0|0
0-X-0|0-0-0|0-0-O|-1
X-O-0|0-0-0|0-0-0|1
X-0-O|0-0-0|0-0-0|0
X-0-0|O-0-0|0-0-0|1
X-0-0|0-O-0|0-0-0|-1
X-0-0|0-0-O|0-0-0|1
X-0-0|0-0-0|O-0-0|0
X-0-0|0-0-0|0-O-0|1
X-0-0|0-0-0|0-0-O|0
O-X-0|0-X-0|0-0-0|8
O-0-X|0-X-0|0-0-0|8
O-0-0|X-X-0|0-0-0|8
O-0-0|0-X-X|0-0-0|8
O-0-0|0-X-0|X-0-0|8
O-0-0|0-X-0|0-X-0|8
O-0-0|0-X-0|0-0-X|8
O-O-0|0-X-0|0-0-X|2
O-0-O|0-X-0|0-0-X|1
O-0-0|O-X-0|0-0-X|2
O-0-0|0-X-O|0-0-X|1
O-0-0|0-X-0|O-0-X|1
O-0-0|0-X-0|0-O-X|1
O-O-0|0-X-0|0-X-0|1
O-0-O|0-X-0|0-X-0|0
O-0-0|O-X-0|0-X-0|1
O-0-0|0-X-O|0-X-0|0
O-0-0|0-X-0|O-X-0|0
O-0-0|0-X-0|0-X-O|0
O-O-0|0-X-0|X-0-0|2
O-0-O|0-X-0|X-0-0|1
O-0-0|O-X-0|X-0-0|2
O-0-0|0-X-O|X-0-0|1
O-0-0|0-X-0|X-O-0|1
O-0-0|0-X-0|X-0-O|1
O-O-0|0-X-X|0-0-0|1
O-0-O|0-X-X|0-0-0|0
O-0-0|O-X-X|0-0-0|1
O-0-0|0-X-X|O-0-0|0
O-0-0|0-X-X|0-O-0|0
O-0-0|0-X-X|0-0-O|0
O-O-0|X-X-0|0-0-0|1
O-0-O|X-X-0|0-0-0|0
O-0-0|X-X-O|0-0-0|0
O-0-0|X-X-0|O-0-0|0
O-0-0|X-X-0|0-O-0|0
O-0-0|X-X-0|0-0-O|0
O-O-X|0-X-0|0-0-0|2
O-0-X|O-X-0|0-0-0|2
O-0-X|0-X-O|0-0-0|1
O-0-X|0-X-0|O-0-0|1
O-0-X|0-X-0|0-O-0|1
O-0-X|0-X-0|0-0-O|1
O-X-O|0-X-0|0-0-0|0
O-X-0|O-X-0|0-0-0|1
O-X-0|0-X-O|0-0-0|0
O-X-0|0-X-0|O-0-0|0
O-X-0|0-X-0|0-O-0|0
O-X-0|0-X-0|0-0-O|0
O-X-X|0-X-O|0-0-0|8
O-0-X|X-X-O|0-0-0|8
O-0-X|0-X-O|X-0-0|8
O-0-X|0-X-O|0-X-0|8
O-0-X|0-X-O|0-0-X|8
O-O-X|0-X-O|0-0-X|1
O-0-X|O-X-O|0-0-X|2
O-0-X|0-X-O|O-0-X|0
O-0-X|0-X-O|0-O-X|0
O-O-X|0-X-O|0-X-0|1
O-0-X|O-X-O|0-X-0|2
O-0-X|0-X-O|O-X-0|0
O-0-X|0-X-O|0-X-O|1
O-O-X|0-X-O|X-0-0|2
O-0-X|O-X-O|X-0-0|3
O-0-X|0-X-O|X-O-0|1
O-0-X|0-X-O|X-0-O|2
O-O-X|X-X-O|0-0-0|1
O-0-X|X-X-O|O-0-0|0
O-0-X|X-X-O|0-O-0|0
O-0-X|X-X-O|0-0-O|1
O-X-X|O-X-O|0-0-0|1
O-X-X|0-X-O|O-0-0|-1
O-X-X|0-X-O|0-O-0|-1
O-X-X|0-X-O|0-0-O|0
O-X-X|0-X-O|X-O-0|8
O-0-X|X-X-O|X-O-0|8
O-0-X|0-X-O|X-O-X|8
O-O-X|0-X-O|X-O-X|1
O-0-X|O-X-O|X-O-X|1
O-O-X|X-X-O|X-O-0|1
O-0-X|X-X-O|X-O-O|1
O-X-X|O-X-O|X-O-0|1
O-X-X|0-X-O|X-O-O|1
O-X-X|O-X-O|X-O-X|8
And thats the GOAL !!

Total nodes processed		:: 166
Time of execution(micro-sec)	:: 1907


--------------------------------------
--- MINIMAX WITH ALPHA BETA PRUNING --
--------------------------------------
Nodes Expanded (Value|Utility) ::
X-0-0|0-0-0|0-0-0|-1
0-X-0|0-0-0|0-0-0|-99
0-0-X|0-0-0|0-0-0|-99
0-0-0|X-0-0|0-0-0|-99
0-0-0|0-X-0|0-0-0|1
0-0-0|0-0-X|0-0-0|-99
0-0-0|0-0-0|X-0-0|-99
0-0-0|0-0-0|0-X-0|-99
0-0-0|0-0-0|0-0-X|-99
O-X-0|0-X-0|0-0-0|0
O-0-X|0-X-0|0-0-0|1
O-0-0|X-X-0|0-0-0|-99
O-0-0|0-X-X|0-0-0|-99
O-0-0|0-X-0|X-0-0|-99
O-0-0|0-X-0|0-X-0|-99
O-0-0|0-X-0|0-0-X|-99
O-0-0|0-X-0|0-0-0|-99
O-0-0|0-X-0|0-0-0|-99
O-X-X|0-X-O|0-0-0|-1
O-0-X|X-X-O|0-0-0|0
O-0-X|0-X-O|X-0-0|1
O-0-X|0-X-O|0-X-0|-99
O-0-X|0-X-O|0-0-X|-99
O-0-X|0-X-O|0-0-0|-99
O-0-X|0-X-O|0-0-0|-99
O-0-X|0-X-O|0-0-0|-99
O-0-X|0-X-O|0-0-0|-99
O-X-X|0-X-O|X-O-0|1
O-0-X|X-X-O|X-O-0|-99
O-0-X|0-X-O|X-O-X|-99
O-0-X|0-X-O|X-O-0|-99
O-0-X|0-X-O|X-O-0|-99
O-0-X|0-X-O|X-O-0|-99
O-0-X|0-X-O|X-O-0|-99
O-0-X|0-X-O|X-O-0|-99
O-0-X|0-X-O|X-O-0|-99
O-X-X|O-X-O|X-O-X|99
O-X-X|O-X-O|X-O-0|-99
O-X-X|O-X-O|X-O-0|-99
O-X-X|O-X-O|X-O-0|-99
O-X-X|O-X-O|X-O-0|-99
O-X-X|O-X-O|X-O-0|-99
O-X-X|O-X-O|X-O-0|-99
O-X-X|O-X-O|X-O-0|-99
O-X-X|O-X-O|X-O-0|-99
O-X-X|O-X-O|X-O-X|99
And thats the GOAL !!

Total nodes processed		:: 55
Time of execution(micro-sec)	:: 651


--------------------------------------
-------------- SUMMARY ---------------
--------------------------------------
As per the results shown above, following is what I observed:
1. Playing this game of tic tac toe in normal way would have processed around 980k nodes
2. But playing it using minimax reduced the number of nodes to be expanded drastically
3. This improvement is even much better by aplha beta pruning technique
4. The similar improvement in time of execution is because now we are processing lesser number of nodes
